<?xml version="1.0" encoding="UTF-8"?>
<testsuite xmlns:xsi="http://www.w3.org/2001/XMLSchema-instance" xsi:noNamespaceSchemaLocation="https://maven.apache.org/surefire/maven-surefire-plugin/xsd/surefire-test-report.xsd" name="qanairy.orientdb_ferma.TraversalTests" time="0.58" tests="0" errors="0" skipped="0" failures="0">
  <properties>
    <property name="sun.desktop" value="windows"/>
    <property name="awt.toolkit" value="sun.awt.windows.WToolkit"/>
    <property name="file.encoding.pkg" value="sun.io"/>
    <property name="java.specification.version" value="1.8"/>
    <property name="sun.cpu.isalist" value="amd64"/>
    <property name="sun.jnu.encoding" value="Cp1252"/>
    <property name="java.class.path" value="C:\Users\brand\workspace\orientdb-ferma\target\test-classes;C:\Users\brand\workspace\orientdb-ferma\target\classes;C:\Users\brand\.m2\repository\com\syncleus\ferma\ferma-orientdb\3.0.0\ferma-orientdb-3.0.0.jar;C:\Users\brand\.m2\repository\com\syncleus\ferma\ferma\3.2.1\ferma-3.2.1.jar;C:\Users\brand\.m2\repository\org\apache\tinkerpop\gremlin-core\3.3.0\gremlin-core-3.3.0.jar;C:\Users\brand\.m2\repository\org\apache\tinkerpop\gremlin-shaded\3.3.0\gremlin-shaded-3.3.0.jar;C:\Users\brand\.m2\repository\commons-configuration\commons-configuration\1.10\commons-configuration-1.10.jar;C:\Users\brand\.m2\repository\commons-lang\commons-lang\2.6\commons-lang-2.6.jar;C:\Users\brand\.m2\repository\org\yaml\snakeyaml\1.15\snakeyaml-1.15.jar;C:\Users\brand\.m2\repository\org\javatuples\javatuples\1.2\javatuples-1.2.jar;C:\Users\brand\.m2\repository\com\carrotsearch\hppc\0.7.1\hppc-0.7.1.jar;C:\Users\brand\.m2\repository\com\jcabi\jcabi-manifests\1.1\jcabi-manifests-1.1.jar;C:\Users\brand\.m2\repository\com\jcabi\jcabi-log\0.14\jcabi-log-0.14.jar;C:\Users\brand\.m2\repository\com\squareup\javapoet\1.8.0\javapoet-1.8.0.jar;C:\Users\brand\.m2\repository\org\slf4j\slf4j-api\1.7.21\slf4j-api-1.7.21.jar;C:\Users\brand\.m2\repository\org\slf4j\jcl-over-slf4j\1.7.21\jcl-over-slf4j-1.7.21.jar;C:\Users\brand\.m2\repository\com\google\code\gson\gson\2.8.2\gson-2.8.2.jar;C:\Users\brand\.m2\repository\com\google\guava\guava\23.0\guava-23.0.jar;C:\Users\brand\.m2\repository\com\google\code\findbugs\jsr305\1.3.9\jsr305-1.3.9.jar;C:\Users\brand\.m2\repository\com\google\errorprone\error_prone_annotations\2.0.18\error_prone_annotations-2.0.18.jar;C:\Users\brand\.m2\repository\com\google\j2objc\j2objc-annotations\1.1\j2objc-annotations-1.1.jar;C:\Users\brand\.m2\repository\org\codehaus\mojo\animal-sniffer-annotations\1.14\animal-sniffer-annotations-1.14.jar;C:\Users\brand\.m2\repository\net\bytebuddy\byte-buddy\1.7.5\byte-buddy-1.7.5.jar;C:\Users\brand\.m2\repository\org\reflections\reflections\0.9.11\reflections-0.9.11.jar;C:\Users\brand\.m2\repository\org\javassist\javassist\3.21.0-GA\javassist-3.21.0-GA.jar;C:\Users\brand\.m2\repository\com\orientechnologies\orientdb-core\3.0.1\orientdb-core-3.0.1.jar;C:\Users\brand\.m2\repository\net\java\dev\jna\jna\4.5.0\jna-4.5.0.jar;C:\Users\brand\.m2\repository\net\java\dev\jna\jna-platform\4.5.0\jna-platform-4.5.0.jar;C:\Users\brand\.m2\repository\com\googlecode\concurrentlinkedhashmap\concurrentlinkedhashmap-lru\1.4.2\concurrentlinkedhashmap-lru-1.4.2.jar;C:\Users\brand\.m2\repository\com\orientechnologies\orientdb-graphdb\3.0.1\orientdb-graphdb-3.0.1.jar;C:\Users\brand\.m2\repository\com\orientechnologies\orientdb-server\3.0.1\orientdb-server-3.0.1.jar;C:\Users\brand\.m2\repository\javax\mail\mail\1.4.7\mail-1.4.7.jar;C:\Users\brand\.m2\repository\javax\activation\activation\1.1\activation-1.1.jar;C:\Users\brand\.m2\repository\com\sun\xml\bind\jaxb-impl\2.2.3\jaxb-impl-2.2.3.jar;C:\Users\brand\.m2\repository\javax\xml\bind\jaxb-api\2.2.2\jaxb-api-2.2.2.jar;C:\Users\brand\.m2\repository\javax\xml\stream\stax-api\1.0-2\stax-api-1.0-2.jar;C:\Users\brand\.m2\repository\com\orientechnologies\orientdb-tools\3.0.1\orientdb-tools-3.0.1.jar;C:\Users\brand\.m2\repository\com\tinkerpop\blueprints\blueprints-core\2.6.0\blueprints-core-2.6.0.jar;C:\Users\brand\.m2\repository\org\codehaus\jettison\jettison\1.3.3\jettison-1.3.3.jar;C:\Users\brand\.m2\repository\stax\stax-api\1.0.1\stax-api-1.0.1.jar;C:\Users\brand\.m2\repository\com\fasterxml\jackson\core\jackson-databind\2.2.3\jackson-databind-2.2.3.jar;C:\Users\brand\.m2\repository\com\fasterxml\jackson\core\jackson-annotations\2.2.3\jackson-annotations-2.2.3.jar;C:\Users\brand\.m2\repository\com\fasterxml\jackson\core\jackson-core\2.2.3\jackson-core-2.2.3.jar;C:\Users\brand\.m2\repository\commons-logging\commons-logging\1.1.1\commons-logging-1.1.1.jar;C:\Users\brand\.m2\repository\com\orientechnologies\orientdb-gremlin\3.0.1\orientdb-gremlin-3.0.1.jar;C:\Users\brand\.m2\repository\org\apache\tinkerpop\gremlin-groovy\3.3.0\gremlin-groovy-3.3.0.jar;C:\Users\brand\.m2\repository\org\apache\ivy\ivy\2.3.0\ivy-2.3.0.jar;C:\Users\brand\.m2\repository\org\codehaus\groovy\groovy\2.4.11\groovy-2.4.11-indy.jar;C:\Users\brand\.m2\repository\org\codehaus\groovy\groovy-groovysh\2.4.11\groovy-groovysh-2.4.11-indy.jar;C:\Users\brand\.m2\repository\org\codehaus\groovy\groovy-console\2.4.11\groovy-console-2.4.11.jar;C:\Users\brand\.m2\repository\org\codehaus\groovy\groovy-templates\2.4.11\groovy-templates-2.4.11.jar;C:\Users\brand\.m2\repository\org\codehaus\groovy\groovy-xml\2.4.11\groovy-xml-2.4.11.jar;C:\Users\brand\.m2\repository\org\codehaus\groovy\groovy-swing\2.4.11\groovy-swing-2.4.11.jar;C:\Users\brand\.m2\repository\jline\jline\2.12\jline-2.12.jar;C:\Users\brand\.m2\repository\org\codehaus\groovy\groovy\2.4.11\groovy-2.4.11.jar;C:\Users\brand\.m2\repository\org\codehaus\groovy\groovy-json\2.4.11\groovy-json-2.4.11-indy.jar;C:\Users\brand\.m2\repository\org\codehaus\groovy\groovy-jsr223\2.4.11\groovy-jsr223-2.4.11-indy.jar;C:\Users\brand\.m2\repository\org\apache\commons\commons-lang3\3.3.1\commons-lang3-3.3.1.jar;C:\Users\brand\.m2\repository\org\mindrot\jbcrypt\0.4\jbcrypt-0.4.jar;C:\Users\brand\.m2\repository\com\github\ben-manes\caffeine\caffeine\2.3.1\caffeine-2.3.1.jar;C:\Users\brand\.m2\repository\com\orientechnologies\orientdb-client\3.0.1\orientdb-client-3.0.1.jar;C:\Users\brand\.m2\repository\org\testng\testng\6.8.8\testng-6.8.8.jar;C:\Users\brand\.m2\repository\org\beanshell\bsh\2.0b4\bsh-2.0b4.jar;C:\Users\brand\.m2\repository\com\beust\jcommander\1.27\jcommander-1.27.jar;C:\Users\brand\.m2\repository\commons-collections\commons-collections\3.2.2\commons-collections-3.2.2.jar;C:\Users\brand\.m2\repository\commons-io\commons-io\2.5\commons-io-2.5.jar;C:\Users\brand\.m2\repository\org\apache\maven\surefire\surefire-testng-utils\2.20.1\surefire-testng-utils-2.20.1.jar;C:\Users\brand\.m2\repository\org\apache\maven\surefire\surefire-grouper\2.20.1\surefire-grouper-2.20.1.jar;"/>
    <property name="java.vm.vendor" value="Oracle Corporation"/>
    <property name="sun.arch.data.model" value="64"/>
    <property name="user.variant" value=""/>
    <property name="java.vendor.url" value="http://java.oracle.com/"/>
    <property name="user.timezone" value=""/>
    <property name="java.vm.specification.version" value="1.8"/>
    <property name="os.name" value="Windows 10"/>
    <property name="user.country" value="US"/>
    <property name="sun.java.launcher" value="SUN_STANDARD"/>
    <property name="sun.boot.library.path" value="C:\Program Files\Java\jdk1.8.0_101\jre\bin"/>
    <property name="sun.java.command" value="C:\Users\brand\AppData\Local\Temp\surefire8883473476814903025\surefirebooter4782303256422145456.jar C:\Users\brand\AppData\Local\Temp\surefire8883473476814903025 2018-05-23T15-39-11_813-jvmRun1 surefire5986138549275944946tmp surefire_04752495588469184284tmp"/>
    <property name="surefire.test.class.path" value="C:\Users\brand\workspace\orientdb-ferma\target\test-classes;C:\Users\brand\workspace\orientdb-ferma\target\classes;C:\Users\brand\.m2\repository\com\syncleus\ferma\ferma-orientdb\3.0.0\ferma-orientdb-3.0.0.jar;C:\Users\brand\.m2\repository\com\syncleus\ferma\ferma\3.2.1\ferma-3.2.1.jar;C:\Users\brand\.m2\repository\org\apache\tinkerpop\gremlin-core\3.3.0\gremlin-core-3.3.0.jar;C:\Users\brand\.m2\repository\org\apache\tinkerpop\gremlin-shaded\3.3.0\gremlin-shaded-3.3.0.jar;C:\Users\brand\.m2\repository\commons-configuration\commons-configuration\1.10\commons-configuration-1.10.jar;C:\Users\brand\.m2\repository\commons-lang\commons-lang\2.6\commons-lang-2.6.jar;C:\Users\brand\.m2\repository\org\yaml\snakeyaml\1.15\snakeyaml-1.15.jar;C:\Users\brand\.m2\repository\org\javatuples\javatuples\1.2\javatuples-1.2.jar;C:\Users\brand\.m2\repository\com\carrotsearch\hppc\0.7.1\hppc-0.7.1.jar;C:\Users\brand\.m2\repository\com\jcabi\jcabi-manifests\1.1\jcabi-manifests-1.1.jar;C:\Users\brand\.m2\repository\com\jcabi\jcabi-log\0.14\jcabi-log-0.14.jar;C:\Users\brand\.m2\repository\com\squareup\javapoet\1.8.0\javapoet-1.8.0.jar;C:\Users\brand\.m2\repository\org\slf4j\slf4j-api\1.7.21\slf4j-api-1.7.21.jar;C:\Users\brand\.m2\repository\org\slf4j\jcl-over-slf4j\1.7.21\jcl-over-slf4j-1.7.21.jar;C:\Users\brand\.m2\repository\com\google\code\gson\gson\2.8.2\gson-2.8.2.jar;C:\Users\brand\.m2\repository\com\google\guava\guava\23.0\guava-23.0.jar;C:\Users\brand\.m2\repository\com\google\code\findbugs\jsr305\1.3.9\jsr305-1.3.9.jar;C:\Users\brand\.m2\repository\com\google\errorprone\error_prone_annotations\2.0.18\error_prone_annotations-2.0.18.jar;C:\Users\brand\.m2\repository\com\google\j2objc\j2objc-annotations\1.1\j2objc-annotations-1.1.jar;C:\Users\brand\.m2\repository\org\codehaus\mojo\animal-sniffer-annotations\1.14\animal-sniffer-annotations-1.14.jar;C:\Users\brand\.m2\repository\net\bytebuddy\byte-buddy\1.7.5\byte-buddy-1.7.5.jar;C:\Users\brand\.m2\repository\org\reflections\reflections\0.9.11\reflections-0.9.11.jar;C:\Users\brand\.m2\repository\org\javassist\javassist\3.21.0-GA\javassist-3.21.0-GA.jar;C:\Users\brand\.m2\repository\com\orientechnologies\orientdb-core\3.0.1\orientdb-core-3.0.1.jar;C:\Users\brand\.m2\repository\net\java\dev\jna\jna\4.5.0\jna-4.5.0.jar;C:\Users\brand\.m2\repository\net\java\dev\jna\jna-platform\4.5.0\jna-platform-4.5.0.jar;C:\Users\brand\.m2\repository\com\googlecode\concurrentlinkedhashmap\concurrentlinkedhashmap-lru\1.4.2\concurrentlinkedhashmap-lru-1.4.2.jar;C:\Users\brand\.m2\repository\com\orientechnologies\orientdb-graphdb\3.0.1\orientdb-graphdb-3.0.1.jar;C:\Users\brand\.m2\repository\com\orientechnologies\orientdb-server\3.0.1\orientdb-server-3.0.1.jar;C:\Users\brand\.m2\repository\javax\mail\mail\1.4.7\mail-1.4.7.jar;C:\Users\brand\.m2\repository\javax\activation\activation\1.1\activation-1.1.jar;C:\Users\brand\.m2\repository\com\sun\xml\bind\jaxb-impl\2.2.3\jaxb-impl-2.2.3.jar;C:\Users\brand\.m2\repository\javax\xml\bind\jaxb-api\2.2.2\jaxb-api-2.2.2.jar;C:\Users\brand\.m2\repository\javax\xml\stream\stax-api\1.0-2\stax-api-1.0-2.jar;C:\Users\brand\.m2\repository\com\orientechnologies\orientdb-tools\3.0.1\orientdb-tools-3.0.1.jar;C:\Users\brand\.m2\repository\com\tinkerpop\blueprints\blueprints-core\2.6.0\blueprints-core-2.6.0.jar;C:\Users\brand\.m2\repository\org\codehaus\jettison\jettison\1.3.3\jettison-1.3.3.jar;C:\Users\brand\.m2\repository\stax\stax-api\1.0.1\stax-api-1.0.1.jar;C:\Users\brand\.m2\repository\com\fasterxml\jackson\core\jackson-databind\2.2.3\jackson-databind-2.2.3.jar;C:\Users\brand\.m2\repository\com\fasterxml\jackson\core\jackson-annotations\2.2.3\jackson-annotations-2.2.3.jar;C:\Users\brand\.m2\repository\com\fasterxml\jackson\core\jackson-core\2.2.3\jackson-core-2.2.3.jar;C:\Users\brand\.m2\repository\commons-logging\commons-logging\1.1.1\commons-logging-1.1.1.jar;C:\Users\brand\.m2\repository\com\orientechnologies\orientdb-gremlin\3.0.1\orientdb-gremlin-3.0.1.jar;C:\Users\brand\.m2\repository\org\apache\tinkerpop\gremlin-groovy\3.3.0\gremlin-groovy-3.3.0.jar;C:\Users\brand\.m2\repository\org\apache\ivy\ivy\2.3.0\ivy-2.3.0.jar;C:\Users\brand\.m2\repository\org\codehaus\groovy\groovy\2.4.11\groovy-2.4.11-indy.jar;C:\Users\brand\.m2\repository\org\codehaus\groovy\groovy-groovysh\2.4.11\groovy-groovysh-2.4.11-indy.jar;C:\Users\brand\.m2\repository\org\codehaus\groovy\groovy-console\2.4.11\groovy-console-2.4.11.jar;C:\Users\brand\.m2\repository\org\codehaus\groovy\groovy-templates\2.4.11\groovy-templates-2.4.11.jar;C:\Users\brand\.m2\repository\org\codehaus\groovy\groovy-xml\2.4.11\groovy-xml-2.4.11.jar;C:\Users\brand\.m2\repository\org\codehaus\groovy\groovy-swing\2.4.11\groovy-swing-2.4.11.jar;C:\Users\brand\.m2\repository\jline\jline\2.12\jline-2.12.jar;C:\Users\brand\.m2\repository\org\codehaus\groovy\groovy\2.4.11\groovy-2.4.11.jar;C:\Users\brand\.m2\repository\org\codehaus\groovy\groovy-json\2.4.11\groovy-json-2.4.11-indy.jar;C:\Users\brand\.m2\repository\org\codehaus\groovy\groovy-jsr223\2.4.11\groovy-jsr223-2.4.11-indy.jar;C:\Users\brand\.m2\repository\org\apache\commons\commons-lang3\3.3.1\commons-lang3-3.3.1.jar;C:\Users\brand\.m2\repository\org\mindrot\jbcrypt\0.4\jbcrypt-0.4.jar;C:\Users\brand\.m2\repository\com\github\ben-manes\caffeine\caffeine\2.3.1\caffeine-2.3.1.jar;C:\Users\brand\.m2\repository\com\orientechnologies\orientdb-client\3.0.1\orientdb-client-3.0.1.jar;C:\Users\brand\.m2\repository\org\testng\testng\6.8.8\testng-6.8.8.jar;C:\Users\brand\.m2\repository\org\beanshell\bsh\2.0b4\bsh-2.0b4.jar;C:\Users\brand\.m2\repository\com\beust\jcommander\1.27\jcommander-1.27.jar;C:\Users\brand\.m2\repository\commons-collections\commons-collections\3.2.2\commons-collections-3.2.2.jar;C:\Users\brand\.m2\repository\commons-io\commons-io\2.5\commons-io-2.5.jar;C:\Users\brand\.m2\repository\org\apache\maven\surefire\surefire-testng-utils\2.20.1\surefire-testng-utils-2.20.1.jar;C:\Users\brand\.m2\repository\org\apache\maven\surefire\surefire-grouper\2.20.1\surefire-grouper-2.20.1.jar;"/>
    <property name="sun.cpu.endian" value="little"/>
    <property name="user.home" value="C:\Users\brand"/>
    <property name="user.language" value="en"/>
    <property name="java.specification.vendor" value="Oracle Corporation"/>
    <property name="java.home" value="C:\Program Files\Java\jdk1.8.0_101\jre"/>
    <property name="basedir" value="C:\Users\brand\workspace\orientdb-ferma"/>
    <property name="file.separator" value="\"/>
    <property name="line.separator" value="&#10;"/>
    <property name="java.vm.specification.vendor" value="Oracle Corporation"/>
    <property name="java.specification.name" value="Java Platform API Specification"/>
    <property name="java.awt.graphicsenv" value="sun.awt.Win32GraphicsEnvironment"/>
    <property name="surefire.real.class.path" value="C:\Users\brand\AppData\Local\Temp\surefire8883473476814903025\surefirebooter4782303256422145456.jar"/>
    <property name="sun.boot.class.path" value="C:\Program Files\Java\jdk1.8.0_101\jre\lib\resources.jar;C:\Program Files\Java\jdk1.8.0_101\jre\lib\rt.jar;C:\Program Files\Java\jdk1.8.0_101\jre\lib\sunrsasign.jar;C:\Program Files\Java\jdk1.8.0_101\jre\lib\jsse.jar;C:\Program Files\Java\jdk1.8.0_101\jre\lib\jce.jar;C:\Program Files\Java\jdk1.8.0_101\jre\lib\charsets.jar;C:\Program Files\Java\jdk1.8.0_101\jre\lib\jfr.jar;C:\Program Files\Java\jdk1.8.0_101\jre\classes"/>
    <property name="user.script" value=""/>
    <property name="sun.management.compiler" value="HotSpot 64-Bit Tiered Compilers"/>
    <property name="java.runtime.version" value="1.8.0_101-b13"/>
    <property name="user.name" value="brand"/>
    <property name="path.separator" value=";"/>
    <property name="os.version" value="10.0"/>
    <property name="java.endorsed.dirs" value="C:\Program Files\Java\jdk1.8.0_101\jre\lib\endorsed"/>
    <property name="java.runtime.name" value="Java(TM) SE Runtime Environment"/>
    <property name="file.encoding" value="Cp1252"/>
    <property name="java.vm.name" value="Java HotSpot(TM) 64-Bit Server VM"/>
    <property name="localRepository" value="C:\Users\brand\.m2\repository"/>
    <property name="java.vendor.url.bug" value="http://bugreport.sun.com/bugreport/"/>
    <property name="java.io.tmpdir" value="C:\Users\brand\AppData\Local\Temp\"/>
    <property name="java.version" value="1.8.0_101"/>
    <property name="user.dir" value="C:\Users\brand\workspace\orientdb-ferma"/>
    <property name="os.arch" value="amd64"/>
    <property name="java.vm.specification.name" value="Java Virtual Machine Specification"/>
    <property name="java.awt.printerjob" value="sun.awt.windows.WPrinterJob"/>
    <property name="sun.os.patch.level" value=""/>
    <property name="java.library.path" value="C:\Program Files\Java\jdk1.8.0_101\jre\bin;C:\WINDOWS\Sun\Java\bin;C:\WINDOWS\system32;C:\WINDOWS;C:/Program Files/Java/jdk1.8.0_102/bin/../jre/bin/server;C:/Program Files/Java/jdk1.8.0_102/bin/../jre/bin;C:/Program Files/Java/jdk1.8.0_102/bin/../jre/lib/amd64;C:\Program Files\Java\jdk1.8.0_102\bin;C:\WINDOWS\system32;C:\WINDOWS;C:\WINDOWS\System32\Wbem;C:\WINDOWS\System32\WindowsPowerShell\v1.0\;C:\Program Files (x86)\MySQL\MySQL Fabric 1.5 ^&amp; MySQL Utilities 1.5\;C:\Program Files (x86)\MySQL\MySQL Fabric 1.5 ^&amp; MySQL Utilities 1.5\Doctrine extensions for PHP\;C:\Program Files\nodejs\;C:\Program Files (x86)\Heroku\bin;C:\Program Files (x86)\git\cmd;C:\Program Files\Git\cmd;C:\HashiCorp\Vagrant\bin;C:\Users\brand\Dev\apache-maven-3.3.9\bin;C:\Program Files\Intel\WiFi\bin\;C:\Program Files\Common Files\Intel\WirelessCommon\;C:\Program Files\Amazon\AWSCLI\;C:\Program Files\PuTTY\;C:\Program Files (x86)\Skype\Phone\;C:\RailsInstaller\Git\cmd;C:\RailsInstaller\Ruby2.2.0\bin;C:\Users\brand\AppData\Local\atom\bin;C:\Users\brand\AppData\Roaming\npm;C:\Users\brand\AppData\Local\Microsoft\WindowsApps;C:\Program Files\Docker Toolbox;C:\Program Files\Git\usr\bin;;C:\Users\brand\Dev\eclipse;;."/>
    <property name="java.vm.info" value="mixed mode"/>
    <property name="java.vendor" value="Oracle Corporation"/>
    <property name="java.vm.version" value="25.101-b13"/>
    <property name="java.ext.dirs" value="C:\Program Files\Java\jdk1.8.0_101\jre\lib\ext;C:\WINDOWS\Sun\Java\lib\ext"/>
    <property name="sun.io.unicode.encoding" value="UnicodeLittle"/>
    <property name="java.class.version" value="52.0"/>
  </properties>
</testsuite>