<?xml version="1.0" encoding="UTF-8"?>
<!-- Generated by org.testng.reporters.JUnitReportReporter -->
<testsuite skipped="0" hostname="DESKTOP-9AAASM2" name="qanairy.orientdb_ferma.TraversalTests" tests="1" failures="0" timestamp="26 May 2018 04:21:03 GMT" time="2.117" errors="0">
  <testcase name="traversalTest" time="2.117" classname="qanairy.orientdb_ferma.TraversalTests"/>
</testsuite> <!-- qanairy.orientdb_ferma.TraversalTests -->
